[ 25%] Built target turtlebot3_drive
[ 37%] [32mBuilding CXX object CMakeFiles/obstacles.dir/models/turtlebot3_dqn_world/obstacle_plugin/obstacles.cc.o[0m
[ 50%] [32mBuilding CXX object CMakeFiles/obstacle1.dir/models/turtlebot3_dqn_world/obstacle_plugin/obstacle1.cc.o[0m
[ 62%] [32mBuilding CXX object CMakeFiles/obstacle2.dir/models/turtlebot3_dqn_world/obstacle_plugin/obstacle2.cc.o[0m
[01m[Kc++:[m[K [01;31m[Kfatal error: [m[KTerminado (killed) signal terminated program cc1plus
compilation terminated.
make[2]: *** [CMakeFiles/obstacle1.dir/build.make:63: CMakeFiles/obstacle1.dir/models/turtlebot3_dqn_world/obstacle_plugin/obstacle1.cc.o] Error 1
make[1]: *** [CMakeFiles/Makefile2:165: CMakeFiles/obstacle1.dir/all] Error 2
make[1]: *** Se espera a que terminen otras tareas....
[ 75%] [32m[1mLinking CXX shared library libobstacle2.so[0m
[ 75%] Built target obstacle2
[ 87%] [32m[1mLinking CXX shared library libobstacles.so[0m
[ 87%] Built target obstacles
make: *** [Makefile:141: all] Error 2
